<?xml version="1.0" encoding="utf-8" standalone="no"?>
<!--This file represents the results of running a test suite-->
<test-results name="F:\TVPrograms\TVPrograms.Tests\bin\Debug\TVPrograms.Tests.dll" total="1" errors="0" failures="0" not-run="0" inconclusive="0" ignored="0" skipped="0" invalid="0" date="2010-01-10" time="14:47:30">
  <environment nunit-version="2.5.3.9345" clr-version="2.0.50727.3603" os-version="Microsoft Windows NT 5.1.2600 Service Pack 3" platform="Win32NT" cwd="F:\TVPrograms\TVPrograms.Tests\bin\Debug" machine-name="PC2CE944D9ZT" user="ppaasch" user-domain="PC2CE944D9ZT" />
  <culture-info current-culture="en-US" current-uiculture="en-US" />
  <test-suite name="F:\TVPrograms\TVPrograms.Tests\bin\Debug\TVPrograms.Tests.dll" executed="True" success="True" time="0.969" asserts="0">
    <results>
      <test-suite name="TVPrograms" executed="True" success="True" time="0.969" asserts="0">
        <results>
          <test-suite name="Tests" executed="True" success="True" time="0.969" asserts="0">
            <results>
              <test-suite name="UserRepositoryTester" executed="True" success="True" time="0.969" asserts="0">
                <results>
                  <test-case name="TVPrograms.Tests.UserRepositoryTester.Should_AddOneUser" executed="True" success="True" time="0.969" asserts="0" />
                </results>
              </test-suite>
            </results>
          </test-suite>
        </results>
      </test-suite>
    </results>
  </test-suite>
</test-results>